Performing C SOURCE FILE Test CMAKE_HAVE_LIBC_PTHREAD failed with the following output:
Change Dir: /home/chen/learning_gtsam/First_Porject/build/CMakeFiles/CMakeTmp

Run Build Command(s):/usr/bin/make cmTC_a6eaa/fast && /usr/bin/make  -f CMakeFiles/cmTC_a6eaa.dir/build.make CMakeFiles/cmTC_a6eaa.dir/build
make[1]: 进入目录“/home/chen/learning_gtsam/First_Porject/build/CMakeFiles/CMakeTmp”
Building C object CMakeFiles/cmTC_a6eaa.dir/src.c.o
/usr/bin/cc -DCMAKE_HAVE_LIBC_PTHREAD   -o CMakeFiles/cmTC_a6eaa.dir/src.c.o -c /home/chen/learning_gtsam/First_Porject/build/CMakeFiles/CMakeTmp/src.c
Linking C executable cmTC_a6eaa
/home/chen/cmake/cmake-3.19.0-rc1-Linux-x86_64/bin/cmake -E cmake_link_script CMakeFiles/cmTC_a6eaa.dir/link.txt --verbose=1
/usr/bin/cc -rdynamic CMakeFiles/cmTC_a6eaa.dir/src.c.o -o cmTC_a6eaa 
CMakeFiles/cmTC_a6eaa.dir/src.c.o：在函数‘main’中：
src.c:(.text+0x3e)：对‘pthread_create’未定义的引用
src.c:(.text+0x4a)：对‘pthread_detach’未定义的引用
src.c:(.text+0x56)：对‘pthread_cancel’未定义的引用
src.c:(.text+0x67)：对‘pthread_join’未定义的引用
src.c:(.text+0x7b)：对‘pthread_atfork’未定义的引用
collect2: error: ld returned 1 exit status
CMakeFiles/cmTC_a6eaa.dir/build.make:105: recipe for target 'cmTC_a6eaa' failed
make[1]: *** [cmTC_a6eaa] Error 1
make[1]: 离开目录“/home/chen/learning_gtsam/First_Porject/build/CMakeFiles/CMakeTmp”
Makefile:140: recipe for target 'cmTC_a6eaa/fast' failed
make: *** [cmTC_a6eaa/fast] Error 2


Source file was:
#include <pthread.h>

static void* test_func(void* data)
{
  return data;
}

int main(void)
{
  pthread_t thread;
  pthread_create(&thread, NULL, test_func, NULL);
  pthread_detach(thread);
  pthread_cancel(thread);
  pthread_join(thread, NULL);
  pthread_atfork(NULL, NULL, NULL);
  pthread_exit(NULL);

  return 0;
}

Determining if the function pthread_create exists in the pthreads failed with the following output:
Change Dir: /home/chen/learning_gtsam/First_Porject/build/CMakeFiles/CMakeTmp

Run Build Command(s):/usr/bin/make cmTC_37f26/fast && /usr/bin/make  -f CMakeFiles/cmTC_37f26.dir/build.make CMakeFiles/cmTC_37f26.dir/build
make[1]: 进入目录“/home/chen/learning_gtsam/First_Porject/build/CMakeFiles/CMakeTmp”
Building C object CMakeFiles/cmTC_37f26.dir/CheckFunctionExists.c.o
/usr/bin/cc   -DCHECK_FUNCTION_EXISTS=pthread_create -o CMakeFiles/cmTC_37f26.dir/CheckFunctionExists.c.o -c /home/chen/cmake/cmake-3.19.0-rc1-Linux-x86_64/share/cmake-3.19/Modules/CheckFunctionExists.c
Linking C executable cmTC_37f26
/home/chen/cmake/cmake-3.19.0-rc1-Linux-x86_64/bin/cmake -E cmake_link_script CMakeFiles/cmTC_37f26.dir/link.txt --verbose=1
/usr/bin/cc  -DCHECK_FUNCTION_EXISTS=pthread_create -rdynamic CMakeFiles/cmTC_37f26.dir/CheckFunctionExists.c.o -o cmTC_37f26  -lpthreads 
/usr/bin/ld: 找不到 -lpthreads
collect2: error: ld returned 1 exit status
CMakeFiles/cmTC_37f26.dir/build.make:105: recipe for target 'cmTC_37f26' failed
make[1]: *** [cmTC_37f26] Error 1
make[1]: 离开目录“/home/chen/learning_gtsam/First_Porject/build/CMakeFiles/CMakeTmp”
Makefile:140: recipe for target 'cmTC_37f26/fast' failed
make: *** [cmTC_37f26/fast] Error 2



